<?xml version="1.0" encoding="UTF-8"?>
<!-- Generated by org.testng.reporters.JUnitXMLReporter -->
<testsuite ignored="10" hostname="TUF-Gaming" failures="0" tests="1" name="Default test" time="0.083" errors="0" timestamp="2023-01-25T17:37:44 IST">
  <testcase classname="Demo" name="reverseLinkedList2" time="0.017"/>
  <testcase classname="Demo" name="testMethodA" time="0.0">
    <ignored/>
  </testcase> <!-- testMethodA -->
  <testcase classname="Demo" name="sortAndReplace" time="0.0">
    <ignored/>
  </testcase> <!-- sortAndReplace -->
  <testcase classname="Demo" name="intersectRunner" time="0.0">
    <ignored/>
  </testcase> <!-- intersectRunner -->
  <testcase classname="Demo" name="testing" time="0.0">
    <ignored/>
  </testcase> <!-- testing -->
  <testcase classname="Demo" name="merge" time="0.0">
    <ignored/>
  </testcase> <!-- merge -->
  <testcase classname="Demo" name="reverseLinkedList" time="0.0">
    <ignored/>
  </testcase> <!-- reverseLinkedList -->
  <testcase classname="Demo" name="intersectRunner2" time="0.0">
    <ignored/>
  </testcase> <!-- intersectRunner2 -->
  <testcase classname="Demo" name="runner6" time="0.0">
    <ignored/>
  </testcase> <!-- runner6 -->
  <testcase classname="Demo" name="runner" time="0.0">
    <ignored/>
  </testcase> <!-- runner -->
  <testcase classname="Demo" name="runner2" time="0.0">
    <ignored/>
  </testcase> <!-- runner2 -->
</testsuite> <!-- Default test -->
