<?xml version="1.0" encoding="UTF-8"?>
<testng-results ignored="10" total="11" passed="1" failed="0" skipped="0">
  <reporter-output>
  </reporter-output>
  <suite started-at="2023-01-25T17:37:43 IST" name="Default suite" finished-at="2023-01-25T17:37:44 IST" duration-ms="83">
    <groups>
    </groups>
    <test started-at="2023-01-25T17:37:43 IST" name="Default test" finished-at="2023-01-25T17:37:44 IST" duration-ms="83">
      <class name="Demo">
        <test-method signature="reverseLinkedList2()[pri:0, instance:Demo@15eb5ee5]" started-at="2023-01-25T17:37:44 IST" name="reverseLinkedList2" finished-at="2023-01-25T17:37:44 IST" duration-ms="17" status="PASS">
          <reporter-output>
          </reporter-output>
        </test-method> <!-- reverseLinkedList2 -->
      </class> <!-- Demo -->
    </test> <!-- Default test -->
  </suite> <!-- Default suite -->
</testng-results>
